<?xml version="1.0" encoding="UTF-8"?>
<testng-results ignored="0" total="1" passed="1" failed="0" skipped="0">
  <reporter-output>
  </reporter-output>
  <suite started-at="2025-04-28T21:54:26 IST" name="Default suite" finished-at="2025-04-28T21:54:28 IST" duration-ms="2386">
    <groups>
    </groups>
    <test started-at="2025-04-28T21:54:26 IST" name="Default test" finished-at="2025-04-28T21:54:28 IST" duration-ms="2386">
      <class name="Day3.LoggingDemo">
        <test-method signature="testLog()[pri:0, instance:Day3.LoggingDemo@d86a6f]" started-at="2025-04-28T21:54:26 IST" name="testLog" finished-at="2025-04-28T21:54:28 IST" duration-ms="2334" status="PASS">
          <reporter-output>
          </reporter-output>
        </test-method> <!-- testLog -->
      </class> <!-- Day3.LoggingDemo -->
    </test> <!-- Default test -->
  </suite> <!-- Default suite -->
</testng-results>
