<?xml version="1.0" encoding="UTF-8"?>
<!-- Generated by org.testng.reporters.JUnitReportReporter -->
<testsuite hostname="Vineela" failures="0" tests="2" name="Day6.SerializationDeserialization" time="0.306" errors="0" timestamp="2025-04-30T21:51:16 IST" skipped="0">
  <testcase classname="Day6.SerializationDeserialization" name="convertJson2Pojo" time="0.256"/>
  <testcase classname="Day6.SerializationDeserialization" name="testSerialization" time="0.050"/>
</testsuite> <!-- Day6.SerializationDeserialization -->
