<?xml version="1.0" encoding="UTF-8"?>
<!-- Generated by org.testng.reporters.JUnitReportReporter -->
<testsuite hostname="Vineela" failures="0" tests="3" name="Day7.Authentications" time="7.558" errors="0" timestamp="2025-05-01T10:15:22 IST" skipped="0">
  <testcase classname="Day7.Authentications" name="basicAuthentication" time="5.011"/>
  <testcase classname="Day7.Authentications" name="testDigestAuthentication" time="1.387"/>
  <testcase classname="Day7.Authentications" name="testPreemptiveAuthentication" time="1.160"/>
</testsuite> <!-- Day7.Authentications -->
